2026-03-17 11:32:46,704 - __main__ - INFO - 数据管道初始化完成
2026-03-17 11:32:46,706 - __main__ - INFO - 数据管道初始化完成
2026-03-17 11:32:46,707 - __main__ - INFO - 加载门店位置数据...
2026-03-17 11:32:46,738 - __main__ - INFO - 加载订单数据...
2026-03-17 11:32:58,410 - __main__ - ERROR - 加载订单数据失败: cannot convert float NaN to integer
2026-03-17 11:32:58,429 - __main__ - INFO - 加载天气数据...
2026-03-17 11:32:58,435 - __main__ - INFO - 加载 2026 年公共假期数据...
2026-03-17 11:32:58,438 - __main__ - INFO - 创建 2026-03-17 的集成数据集...
2026-03-17 11:32:58,438 - __main__ - INFO - 使用缓存的门店位置数据
2026-03-17 11:32:58,438 - __main__ - INFO - 加载订单数据...
2026-03-17 11:33:09,959 - __main__ - ERROR - 加载订单数据失败: cannot convert float NaN to integer
2026-03-17 11:33:09,977 - __main__ - INFO - 使用缓存的天气数据
2026-03-17 11:33:09,977 - __main__ - INFO - 使用缓存的假期数据
2026-03-17 11:33:09,978 - __main__ - INFO - 加载交通数据...
2026-03-17 11:33:09,981 - __main__ - ERROR - 创建集成数据集失败: 'fulfillment_store_code'
2026-03-17 11:33:09,982 - __main__ - INFO - 执行数据质量检查...
2026-03-17 11:33:09,982 - __main__ - INFO - 使用缓存的门店位置数据
2026-03-17 11:33:09,982 - __main__ - INFO - 加载订单数据...
2026-03-17 11:33:21,428 - __main__ - ERROR - 加载订单数据失败: cannot convert float NaN to integer
2026-03-17 11:33:21,447 - __main__ - INFO - 使用缓存的天气数据
2026-03-17 11:33:21,447 - __main__ - INFO - 使用缓存的假期数据
2026-03-17 11:33:21,447 - __main__ - INFO - 使用缓存的交通数据
2026-03-17 11:33:49,382 - __main__ - INFO - 数据管道初始化完成
2026-03-17 11:33:49,383 - __main__ - INFO - 数据管道初始化完成
2026-03-17 11:33:49,383 - __main__ - INFO - 加载门店位置数据...
2026-03-17 11:33:49,400 - __main__ - INFO - 加载订单数据...
2026-03-17 11:34:23,332 - __main__ - INFO - 加载天气数据...
2026-03-17 11:34:23,334 - __main__ - INFO - 加载 2026 年公共假期数据...
2026-03-17 11:34:23,336 - __main__ - INFO - 创建 2026-03-17 的集成数据集...
2026-03-17 11:34:23,336 - __main__ - INFO - 使用缓存的门店位置数据
2026-03-17 11:34:23,337 - __main__ - INFO - 使用缓存的订单数据
2026-03-17 11:34:23,337 - __main__ - INFO - 使用缓存的天气数据
2026-03-17 11:34:23,337 - __main__ - INFO - 使用缓存的假期数据
2026-03-17 11:34:23,337 - __main__ - INFO - 加载交通数据...
2026-03-17 11:34:23,794 - __main__ - INFO - 执行数据质量检查...
2026-03-17 11:34:23,794 - __main__ - INFO - 使用缓存的门店位置数据
2026-03-17 11:34:23,795 - __main__ - INFO - 使用缓存的订单数据
2026-03-17 11:34:23,810 - __main__ - INFO - 使用缓存的天气数据
2026-03-17 11:34:23,810 - __main__ - INFO - 使用缓存的假期数据
2026-03-17 11:34:23,811 - __main__ - INFO - 使用缓存的交通数据
2026-03-17 14:43:44,087 - src.core.data_pipeline - INFO - 数据管道初始化完成
2026-03-17 14:43:44,121 - src.core.data_pipeline - INFO - 数据管道初始化完成
2026-03-17 14:43:44,122 - src.core.data_pipeline - INFO - 从HKO API加载天气数据...
2026-03-17 14:43:45,040 - src.core.data_pipeline - INFO - 加载 2026 年公共假期数据...
2026-03-17 14:43:45,042 - src.modules.data.implementations.holiday_fetcher - INFO - Fetching holidays for 2026 from online API...
2026-03-17 14:43:51,702 - src.modules.data.implementations.holiday_fetcher - INFO - Successfully fetched 17 holidays for 2026
2026-03-17 14:43:51,703 - src.modules.data.implementations.holiday_fetcher - INFO - Saved 17 holidays to cache: data\official\public_holidays_2026.json
2026-03-17 14:43:51,704 - src.core.data_pipeline - INFO - 从Holiday Fetcher获取到 17 个假期
2026-03-17 14:43:51,705 - src.core.data_pipeline - INFO - 从交通API加载实时交通数据...
2026-03-17 14:43:51,710 - src.modules.data.implementations.traffic_fetcher - INFO - Fetching current traffic conditions...
2026-03-17 14:44:01,791 - src.modules.data.implementations.traffic_fetcher - INFO - Successfully fetched traffic data for 7 routes
2026-03-17 14:44:01,794 - src.core.data_pipeline - INFO - 执行增强的数据质量检查...
2026-03-17 14:44:01,795 - src.core.data_pipeline - INFO - 加载门店位置数据...
2026-03-17 14:44:01,888 - src.core.data_pipeline - INFO - 加载订单数据...
2026-03-17 14:44:33,233 - src.core.data_pipeline - INFO - 使用缓存的天气数据
2026-03-17 14:44:33,233 - src.core.data_pipeline - INFO - 使用缓存的假期数据
2026-03-17 14:44:33,234 - src.core.data_pipeline - INFO - 使用缓存的交通数据
2026-03-17 14:44:33,234 - src.core.data_pipeline - INFO - 使用缓存的门店位置数据
2026-03-17 14:44:33,234 - src.core.data_pipeline - INFO - 使用缓存的订单数据
2026-03-17 20:25:38,551 - src.core.data_pipeline - INFO - 数据管道初始化完成
2026-03-17 20:25:58,689 - src.core.data_pipeline - INFO - 数据管道初始化完成
