2026-03-17 14:35:58,499 - __main__ - INFO - 数据管道初始化完成
2026-03-17 14:35:58,501 - __main__ - INFO - 数据管道初始化完成
2026-03-17 14:35:58,502 - __main__ - INFO - 加载门店位置数据...
2026-03-17 14:35:58,502 - __main__ - ERROR - 门店坐标文件不存在: data\dfi\processed\store_coordinates_enhanced_v2.csv
2026-03-17 14:35:58,502 - __main__ - INFO - 加载订单数据...
2026-03-17 14:35:58,503 - __main__ - ERROR - 订单文件不存在: data\dfi\raw\case_study_order_detail-000000000000.csv
2026-03-17 14:35:58,503 - __main__ - INFO - 从HKO API加载天气数据...
2026-03-17 14:35:58,507 - __main__ - ERROR - HKO Fetcher模块导入失败: No module named 'src'
2026-03-17 14:35:58,507 - __main__ - WARNING - HKO API失败，使用备用数据
2026-03-17 14:35:58,507 - __main__ - INFO - 生成模拟天气数据作为备用
2026-03-17 14:35:58,526 - __main__ - INFO - 加载 2026 年公共假期数据...
2026-03-17 14:35:58,529 - __main__ - ERROR - Holiday Fetcher模块导入失败: No module named 'src'
2026-03-17 14:35:58,530 - __main__ - ERROR - 假期文件不存在: data\official\public_holidays_2025.json
2026-03-17 14:35:58,531 - __main__ - INFO - 创建 2026-03-17 的集成数据集...
2026-03-17 14:35:58,531 - __main__ - INFO - 加载门店位置数据...
2026-03-17 14:35:58,532 - __main__ - ERROR - 门店坐标文件不存在: data\dfi\processed\store_coordinates_enhanced_v2.csv
2026-03-17 14:35:58,532 - __main__ - INFO - 加载订单数据...
2026-03-17 14:35:58,532 - __main__ - ERROR - 订单文件不存在: data\dfi\raw\case_study_order_detail-000000000000.csv
2026-03-17 14:35:58,532 - __main__ - INFO - 使用缓存的天气数据
2026-03-17 14:35:58,532 - __main__ - INFO - 使用缓存的假期数据
2026-03-17 14:35:58,532 - __main__ - INFO - 从交通API加载实时交通数据...
2026-03-17 14:35:58,536 - __main__ - ERROR - Traffic Fetcher模块导入失败: No module named 'src'
2026-03-17 14:35:58,536 - __main__ - WARNING - 交通API失败，使用备用数据
2026-03-17 14:35:58,536 - __main__ - INFO - 生成模拟交通数据作为备用
2026-03-17 14:35:58,544 - __main__ - ERROR - 创建集成数据集失败: 'store_code'
2026-03-17 14:35:58,545 - __main__ - INFO - 执行增强的数据质量检查...
2026-03-17 14:35:58,545 - __main__ - INFO - 加载门店位置数据...
2026-03-17 14:35:58,545 - __main__ - ERROR - 门店坐标文件不存在: data\dfi\processed\store_coordinates_enhanced_v2.csv
2026-03-17 14:35:58,546 - __main__ - INFO - 加载订单数据...
2026-03-17 14:35:58,546 - __main__ - ERROR - 订单文件不存在: data\dfi\raw\case_study_order_detail-000000000000.csv
2026-03-17 14:35:58,547 - __main__ - INFO - 使用缓存的天气数据
2026-03-17 14:35:58,547 - __main__ - INFO - 使用缓存的假期数据
2026-03-17 14:35:58,547 - __main__ - INFO - 使用缓存的交通数据
2026-03-17 14:35:58,548 - __main__ - INFO - 加载门店位置数据...
2026-03-17 14:35:58,548 - __main__ - ERROR - 门店坐标文件不存在: data\dfi\processed\store_coordinates_enhanced_v2.csv
2026-03-17 14:35:58,548 - __main__ - INFO - 加载订单数据...
2026-03-17 14:35:58,548 - __main__ - ERROR - 订单文件不存在: data\dfi\raw\case_study_order_detail-000000000000.csv
